[0.546s] Invoking command in '/home/sadi/Practice/ROS2_Practice/ROS2_Practice/ros2_ws/src/my_py_pkg': PYTHONPATH=/home/sadi/Practice/ROS2_Practice/ROS2_Practice/ros2_ws/install/my_py_pkg/lib/python3.10/site-packages:${PYTHONPATH} /usr/bin/python3 setup.py egg_info --egg-base ../../build/my_py_pkg build --build-base /home/sadi/Practice/ROS2_Practice/ROS2_Practice/ros2_ws/build/my_py_pkg/build install --prefix /home/sadi/Practice/ROS2_Practice/ROS2_Practice/ros2_ws/install/my_py_pkg --record /home/sadi/Practice/ROS2_Practice/ROS2_Practice/ros2_ws/build/my_py_pkg/install.log --single-version-externally-managed
[0.715s] running egg_info
[0.716s] creating ../../build/my_py_pkg/my_py_pkg.egg-info
[0.716s] writing ../../build/my_py_pkg/my_py_pkg.egg-info/PKG-INFO
[0.716s] writing dependency_links to ../../build/my_py_pkg/my_py_pkg.egg-info/dependency_links.txt
[0.716s] writing entry points to ../../build/my_py_pkg/my_py_pkg.egg-info/entry_points.txt
[0.716s] writing requirements to ../../build/my_py_pkg/my_py_pkg.egg-info/requires.txt
[0.716s] writing top-level names to ../../build/my_py_pkg/my_py_pkg.egg-info/top_level.txt
[0.716s] writing manifest file '../../build/my_py_pkg/my_py_pkg.egg-info/SOURCES.txt'
[0.717s] reading manifest file '../../build/my_py_pkg/my_py_pkg.egg-info/SOURCES.txt'
[0.718s] writing manifest file '../../build/my_py_pkg/my_py_pkg.egg-info/SOURCES.txt'
[0.718s] running build
[0.718s] running build_py
[0.718s] creating /home/sadi/Practice/ROS2_Practice/ROS2_Practice/ros2_ws/build/my_py_pkg/build
[0.718s] creating /home/sadi/Practice/ROS2_Practice/ROS2_Practice/ros2_ws/build/my_py_pkg/build/lib
[0.718s] creating /home/sadi/Practice/ROS2_Practice/ROS2_Practice/ros2_ws/build/my_py_pkg/build/lib/my_py_pkg
[0.719s] copying my_py_pkg/__init__.py -> /home/sadi/Practice/ROS2_Practice/ROS2_Practice/ros2_ws/build/my_py_pkg/build/lib/my_py_pkg
[0.719s] running install
[0.719s] /usr/lib/python3/dist-packages/setuptools/command/install.py:34: SetuptoolsDeprecationWarning: setup.py install is deprecated. Use build and pip and other standards-based tools.
[0.719s]   warnings.warn(
[0.720s] running install_lib
[0.720s] creating /home/sadi/Practice/ROS2_Practice/ROS2_Practice/ros2_ws/install/my_py_pkg/lib/python3.10/site-packages/my_py_pkg
[0.720s] copying /home/sadi/Practice/ROS2_Practice/ROS2_Practice/ros2_ws/build/my_py_pkg/build/lib/my_py_pkg/__init__.py -> /home/sadi/Practice/ROS2_Practice/ROS2_Practice/ros2_ws/install/my_py_pkg/lib/python3.10/site-packages/my_py_pkg
[0.720s] byte-compiling /home/sadi/Practice/ROS2_Practice/ROS2_Practice/ros2_ws/install/my_py_pkg/lib/python3.10/site-packages/my_py_pkg/__init__.py to __init__.cpython-310.pyc
[0.721s] running install_data
[0.721s] creating /home/sadi/Practice/ROS2_Practice/ROS2_Practice/ros2_ws/install/my_py_pkg/share/ament_index
[0.721s] creating /home/sadi/Practice/ROS2_Practice/ROS2_Practice/ros2_ws/install/my_py_pkg/share/ament_index/resource_index
[0.721s] creating /home/sadi/Practice/ROS2_Practice/ROS2_Practice/ros2_ws/install/my_py_pkg/share/ament_index/resource_index/packages
[0.722s] copying resource/my_py_pkg -> /home/sadi/Practice/ROS2_Practice/ROS2_Practice/ros2_ws/install/my_py_pkg/share/ament_index/resource_index/packages
[0.722s] copying package.xml -> /home/sadi/Practice/ROS2_Practice/ROS2_Practice/ros2_ws/install/my_py_pkg/share/my_py_pkg
[0.722s] running install_egg_info
[0.723s] Copying ../../build/my_py_pkg/my_py_pkg.egg-info to /home/sadi/Practice/ROS2_Practice/ROS2_Practice/ros2_ws/install/my_py_pkg/lib/python3.10/site-packages/my_py_pkg-0.0.0-py3.10.egg-info
[0.723s] running install_scripts
[0.743s] writing list of installed files to '/home/sadi/Practice/ROS2_Practice/ROS2_Practice/ros2_ws/build/my_py_pkg/install.log'
[0.766s] Invoked command in '/home/sadi/Practice/ROS2_Practice/ROS2_Practice/ros2_ws/src/my_py_pkg' returned '0': PYTHONPATH=/home/sadi/Practice/ROS2_Practice/ROS2_Practice/ros2_ws/install/my_py_pkg/lib/python3.10/site-packages:${PYTHONPATH} /usr/bin/python3 setup.py egg_info --egg-base ../../build/my_py_pkg build --build-base /home/sadi/Practice/ROS2_Practice/ROS2_Practice/ros2_ws/build/my_py_pkg/build install --prefix /home/sadi/Practice/ROS2_Practice/ROS2_Practice/ros2_ws/install/my_py_pkg --record /home/sadi/Practice/ROS2_Practice/ROS2_Practice/ros2_ws/build/my_py_pkg/install.log --single-version-externally-managed
