[0.115s] DEBUG:colcon:Command line arguments: ['/usr/bin/colcon', 'build']
[0.115s] DEBUG:colcon:Parsed command line arguments: Namespace(log_base=None, log_level=None, verb_name='build', build_base='build', install_base='install', merge_install=False, symlink_install=False, test_result_base=None, continue_on_error=False, executor='parallel', parallel_workers=2, event_handlers=None, ignore_user_meta=False, metas=['./colcon.meta'], base_paths=['.'], packages_ignore=None, packages_ignore_regex=None, paths=None, packages_up_to=None, packages_up_to_regex=None, packages_above=None, packages_above_and_dependencies=None, packages_above_depth=None, packages_select_by_dep=None, packages_skip_by_dep=None, packages_skip_up_to=None, packages_select_build_failed=False, packages_skip_build_finished=False, packages_select_test_failures=False, packages_skip_test_passed=False, packages_select=None, packages_skip=None, packages_select_regex=None, packages_skip_regex=None, packages_start=None, packages_end=None, allow_overriding=[], cmake_args=None, cmake_target=None, cmake_target_skip_unavailable=False, cmake_clean_cache=False, cmake_clean_first=False, cmake_force_configure=False, ament_cmake_args=None, catkin_cmake_args=None, catkin_skip_building_tests=False, verb_parser=<colcon_defaults.argument_parser.defaults.DefaultArgumentsDecorator object at 0x7f7a92a4fa30>, verb_extension=<colcon_core.verb.build.BuildVerb object at 0x7f7a92a4f4c0>, main=<bound method BuildVerb.main of <colcon_core.verb.build.BuildVerb object at 0x7f7a92a4f4c0>>)
[0.141s] Level 1:colcon.colcon_core.package_discovery:discover_packages(colcon_meta) check parameters
[0.141s] Level 1:colcon.colcon_core.package_discovery:discover_packages(recursive) check parameters
[0.141s] Level 1:colcon.colcon_core.package_discovery:discover_packages(ignore) check parameters
[0.141s] Level 1:colcon.colcon_core.package_discovery:discover_packages(path) check parameters
[0.141s] Level 1:colcon.colcon_core.package_discovery:discover_packages(colcon_meta) discover
[0.141s] Level 1:colcon.colcon_core.package_discovery:discover_packages(recursive) discover
[0.142s] INFO:colcon.colcon_core.package_discovery:Crawling recursively for packages in '/home/sadi/Practice/ROS2_Practice/ROS2_Practice/ros2_ws'
[0.142s] Level 1:colcon.colcon_core.package_identification:_identify(.) by extensions ['ignore', 'ignore_ament_install']
[0.142s] Level 1:colcon.colcon_core.package_identification:_identify(.) by extension 'ignore'
[0.142s] Level 1:colcon.colcon_core.package_identification:_identify(.) by extension 'ignore_ament_install'
[0.142s] Level 1:colcon.colcon_core.package_identification:_identify(.) by extensions ['colcon_pkg']
[0.142s] Level 1:colcon.colcon_core.package_identification:_identify(.) by extension 'colcon_pkg'
[0.142s] Level 1:colcon.colcon_core.package_identification:_identify(.) by extensions ['colcon_meta']
[0.142s] Level 1:colcon.colcon_core.package_identification:_identify(.) by extension 'colcon_meta'
[0.142s] Level 1:colcon.colcon_core.package_identification:_identify(.) by extensions ['ros']
[0.142s] Level 1:colcon.colcon_core.package_identification:_identify(.) by extension 'ros'
[0.151s] Level 1:colcon.colcon_core.package_identification:_identify(.) by extensions ['cmake', 'python']
[0.151s] Level 1:colcon.colcon_core.package_identification:_identify(.) by extension 'cmake'
[0.152s] Level 1:colcon.colcon_core.package_identification:_identify(.) by extension 'python'
[0.152s] Level 1:colcon.colcon_core.package_identification:_identify(.) by extensions ['python_setup_py']
[0.152s] Level 1:colcon.colcon_core.package_identification:_identify(.) by extension 'python_setup_py'
[0.152s] Level 1:colcon.colcon_core.package_identification:_identify(build) by extensions ['ignore', 'ignore_ament_install']
[0.152s] Level 1:colcon.colcon_core.package_identification:_identify(build) by extension 'ignore'
[0.152s] Level 1:colcon.colcon_core.package_identification:_identify(build) ignored
[0.152s] Level 1:colcon.colcon_core.package_identification:_identify(install) by extensions ['ignore', 'ignore_ament_install']
[0.152s] Level 1:colcon.colcon_core.package_identification:_identify(install) by extension 'ignore'
[0.152s] Level 1:colcon.colcon_core.package_identification:_identify(install) ignored
[0.152s] Level 1:colcon.colcon_core.package_identification:_identify(log) by extensions ['ignore', 'ignore_ament_install']
[0.152s] Level 1:colcon.colcon_core.package_identification:_identify(log) by extension 'ignore'
[0.152s] Level 1:colcon.colcon_core.package_identification:_identify(log) ignored
[0.152s] Level 1:colcon.colcon_core.package_identification:_identify(src) by extensions ['ignore', 'ignore_ament_install']
[0.152s] Level 1:colcon.colcon_core.package_identification:_identify(src) by extension 'ignore'
[0.153s] Level 1:colcon.colcon_core.package_identification:_identify(src) by extension 'ignore_ament_install'
[0.153s] Level 1:colcon.colcon_core.package_identification:_identify(src) by extensions ['colcon_pkg']
[0.153s] Level 1:colcon.colcon_core.package_identification:_identify(src) by extension 'colcon_pkg'
[0.153s] Level 1:colcon.colcon_core.package_identification:_identify(src) by extensions ['colcon_meta']
[0.153s] Level 1:colcon.colcon_core.package_identification:_identify(src) by extension 'colcon_meta'
[0.153s] Level 1:colcon.colcon_core.package_identification:_identify(src) by extensions ['ros']
[0.153s] Level 1:colcon.colcon_core.package_identification:_identify(src) by extension 'ros'
[0.153s] Level 1:colcon.colcon_core.package_identification:_identify(src) by extensions ['cmake', 'python']
[0.153s] Level 1:colcon.colcon_core.package_identification:_identify(src) by extension 'cmake'
[0.153s] Level 1:colcon.colcon_core.package_identification:_identify(src) by extension 'python'
[0.153s] Level 1:colcon.colcon_core.package_identification:_identify(src) by extensions ['python_setup_py']
[0.153s] Level 1:colcon.colcon_core.package_identification:_identify(src) by extension 'python_setup_py'
[0.153s] Level 1:colcon.colcon_core.package_identification:_identify(src/my_cpp_pkg) by extensions ['ignore', 'ignore_ament_install']
[0.153s] Level 1:colcon.colcon_core.package_identification:_identify(src/my_cpp_pkg) by extension 'ignore'
[0.153s] Level 1:colcon.colcon_core.package_identification:_identify(src/my_cpp_pkg) by extension 'ignore_ament_install'
[0.153s] Level 1:colcon.colcon_core.package_identification:_identify(src/my_cpp_pkg) by extensions ['colcon_pkg']
[0.153s] Level 1:colcon.colcon_core.package_identification:_identify(src/my_cpp_pkg) by extension 'colcon_pkg'
[0.153s] Level 1:colcon.colcon_core.package_identification:_identify(src/my_cpp_pkg) by extensions ['colcon_meta']
[0.154s] Level 1:colcon.colcon_core.package_identification:_identify(src/my_cpp_pkg) by extension 'colcon_meta'
[0.154s] Level 1:colcon.colcon_core.package_identification:_identify(src/my_cpp_pkg) by extensions ['ros']
[0.154s] Level 1:colcon.colcon_core.package_identification:_identify(src/my_cpp_pkg) by extension 'ros'
[0.157s] DEBUG:colcon.colcon_core.package_identification:Package 'src/my_cpp_pkg' with type 'ros.ament_cmake' and name 'my_cpp_pkg'
[0.157s] Level 1:colcon.colcon_core.package_identification:_identify(src/my_py_pkg) by extensions ['ignore', 'ignore_ament_install']
[0.157s] Level 1:colcon.colcon_core.package_identification:_identify(src/my_py_pkg) by extension 'ignore'
[0.157s] Level 1:colcon.colcon_core.package_identification:_identify(src/my_py_pkg) by extension 'ignore_ament_install'
[0.157s] Level 1:colcon.colcon_core.package_identification:_identify(src/my_py_pkg) by extensions ['colcon_pkg']
[0.157s] Level 1:colcon.colcon_core.package_identification:_identify(src/my_py_pkg) by extension 'colcon_pkg'
[0.157s] Level 1:colcon.colcon_core.package_identification:_identify(src/my_py_pkg) by extensions ['colcon_meta']
[0.157s] Level 1:colcon.colcon_core.package_identification:_identify(src/my_py_pkg) by extension 'colcon_meta'
[0.157s] Level 1:colcon.colcon_core.package_identification:_identify(src/my_py_pkg) by extensions ['ros']
[0.157s] Level 1:colcon.colcon_core.package_identification:_identify(src/my_py_pkg) by extension 'ros'
[0.157s] DEBUG:colcon.colcon_core.package_identification:Package 'src/my_py_pkg' with type 'ros.ament_python' and name 'my_py_pkg'
[0.157s] Level 1:colcon.colcon_core.package_discovery:discover_packages(recursive) using defaults
[0.158s] Level 1:colcon.colcon_core.package_discovery:discover_packages(ignore) discover
[0.158s] Level 1:colcon.colcon_core.package_discovery:discover_packages(ignore) using defaults
[0.158s] Level 1:colcon.colcon_core.package_discovery:discover_packages(path) discover
[0.158s] Level 1:colcon.colcon_core.package_discovery:discover_packages(path) using defaults
[0.176s] Level 1:colcon.colcon_core.package_discovery:discover_packages(prefix_path) check parameters
[0.176s] Level 1:colcon.colcon_core.package_discovery:discover_packages(prefix_path) discover
[0.178s] DEBUG:colcon.colcon_installed_package_information.package_discovery:Found 1 installed packages in /home/sadi/Practice/ROS2_Practice/ROS2_Practice/ros2_ws/install
[0.179s] DEBUG:colcon.colcon_installed_package_information.package_discovery:Found 270 installed packages in /opt/ros/humble
[0.180s] Level 1:colcon.colcon_core.package_discovery:discover_packages(prefix_path) using defaults
[0.225s] Level 5:colcon.colcon_core.verb:set package 'my_cpp_pkg' build argument 'cmake_args' from command line to 'None'
[0.225s] Level 5:colcon.colcon_core.verb:set package 'my_cpp_pkg' build argument 'cmake_target' from command line to 'None'
[0.225s] Level 5:colcon.colcon_core.verb:set package 'my_cpp_pkg' build argument 'cmake_target_skip_unavailable' from command line to 'False'
[0.225s] Level 5:colcon.colcon_core.verb:set package 'my_cpp_pkg' build argument 'cmake_clean_cache' from command line to 'False'
[0.225s] Level 5:colcon.colcon_core.verb:set package 'my_cpp_pkg' build argument 'cmake_clean_first' from command line to 'False'
[0.225s] Level 5:colcon.colcon_core.verb:set package 'my_cpp_pkg' build argument 'cmake_force_configure' from command line to 'False'
[0.225s] Level 5:colcon.colcon_core.verb:set package 'my_cpp_pkg' build argument 'ament_cmake_args' from command line to 'None'
[0.225s] Level 5:colcon.colcon_core.verb:set package 'my_cpp_pkg' build argument 'catkin_cmake_args' from command line to 'None'
[0.225s] Level 5:colcon.colcon_core.verb:set package 'my_cpp_pkg' build argument 'catkin_skip_building_tests' from command line to 'False'
[0.225s] DEBUG:colcon.colcon_core.verb:Building package 'my_cpp_pkg' with the following arguments: {'ament_cmake_args': None, 'build_base': '/home/sadi/Practice/ROS2_Practice/ROS2_Practice/ros2_ws/build/my_cpp_pkg', 'catkin_cmake_args': None, 'catkin_skip_building_tests': False, 'cmake_args': None, 'cmake_clean_cache': False, 'cmake_clean_first': False, 'cmake_force_configure': False, 'cmake_target': None, 'cmake_target_skip_unavailable': False, 'install_base': '/home/sadi/Practice/ROS2_Practice/ROS2_Practice/ros2_ws/install/my_cpp_pkg', 'merge_install': False, 'path': '/home/sadi/Practice/ROS2_Practice/ROS2_Practice/ros2_ws/src/my_cpp_pkg', 'symlink_install': False, 'test_result_base': None}
[0.226s] Level 5:colcon.colcon_core.verb:set package 'my_py_pkg' build argument 'cmake_args' from command line to 'None'
[0.226s] Level 5:colcon.colcon_core.verb:set package 'my_py_pkg' build argument 'cmake_target' from command line to 'None'
[0.226s] Level 5:colcon.colcon_core.verb:set package 'my_py_pkg' build argument 'cmake_target_skip_unavailable' from command line to 'False'
[0.226s] Level 5:colcon.colcon_core.verb:set package 'my_py_pkg' build argument 'cmake_clean_cache' from command line to 'False'
[0.226s] Level 5:colcon.colcon_core.verb:set package 'my_py_pkg' build argument 'cmake_clean_first' from command line to 'False'
[0.226s] Level 5:colcon.colcon_core.verb:set package 'my_py_pkg' build argument 'cmake_force_configure' from command line to 'False'
[0.226s] Level 5:colcon.colcon_core.verb:set package 'my_py_pkg' build argument 'ament_cmake_args' from command line to 'None'
[0.226s] Level 5:colcon.colcon_core.verb:set package 'my_py_pkg' build argument 'catkin_cmake_args' from command line to 'None'
[0.227s] Level 5:colcon.colcon_core.verb:set package 'my_py_pkg' build argument 'catkin_skip_building_tests' from command line to 'False'
[0.227s] DEBUG:colcon.colcon_core.verb:Building package 'my_py_pkg' with the following arguments: {'ament_cmake_args': None, 'build_base': '/home/sadi/Practice/ROS2_Practice/ROS2_Practice/ros2_ws/build/my_py_pkg', 'catkin_cmake_args': None, 'catkin_skip_building_tests': False, 'cmake_args': None, 'cmake_clean_cache': False, 'cmake_clean_first': False, 'cmake_force_configure': False, 'cmake_target': None, 'cmake_target_skip_unavailable': False, 'install_base': '/home/sadi/Practice/ROS2_Practice/ROS2_Practice/ros2_ws/install/my_py_pkg', 'merge_install': False, 'path': '/home/sadi/Practice/ROS2_Practice/ROS2_Practice/ros2_ws/src/my_py_pkg', 'symlink_install': False, 'test_result_base': None}
[0.227s] INFO:colcon.colcon_core.executor:Executing jobs using 'parallel' executor
[0.231s] DEBUG:colcon.colcon_parallel_executor.executor.parallel:run_until_complete
[0.231s] INFO:colcon.colcon_ros.task.ament_cmake.build:Building ROS package in '/home/sadi/Practice/ROS2_Practice/ROS2_Practice/ros2_ws/src/my_cpp_pkg' with build type 'ament_cmake'
[0.231s] INFO:colcon.colcon_cmake.task.cmake.build:Building CMake package in '/home/sadi/Practice/ROS2_Practice/ROS2_Practice/ros2_ws/src/my_cpp_pkg'
[0.234s] INFO:colcon.colcon_core.plugin_system:Skipping extension 'colcon_core.shell.bat': Not used on non-Windows systems
[0.234s] INFO:colcon.colcon_core.shell:Skip shell extension 'powershell' for command environment: Not usable outside of PowerShell
[0.234s] DEBUG:colcon.colcon_core.shell:Skip shell extension 'dsv' for command environment
[0.238s] INFO:colcon.colcon_ros.task.ament_python.build:Building ROS package in '/home/sadi/Practice/ROS2_Practice/ROS2_Practice/ros2_ws/src/my_py_pkg' with build type 'ament_python'
[0.239s] Level 1:colcon.colcon_core.shell:create_environment_hook('my_py_pkg', 'ament_prefix_path')
[0.240s] INFO:colcon.colcon_core.shell:Creating environment hook '/home/sadi/Practice/ROS2_Practice/ROS2_Practice/ros2_ws/install/my_py_pkg/share/my_py_pkg/hook/ament_prefix_path.ps1'
[0.240s] INFO:colcon.colcon_core.shell:Creating environment descriptor '/home/sadi/Practice/ROS2_Practice/ROS2_Practice/ros2_ws/install/my_py_pkg/share/my_py_pkg/hook/ament_prefix_path.dsv'
[0.241s] INFO:colcon.colcon_core.shell:Creating environment hook '/home/sadi/Practice/ROS2_Practice/ROS2_Practice/ros2_ws/install/my_py_pkg/share/my_py_pkg/hook/ament_prefix_path.sh'
[0.242s] INFO:colcon.colcon_core.shell:Skip shell extension 'powershell' for command environment: Not usable outside of PowerShell
[0.242s] DEBUG:colcon.colcon_core.shell:Skip shell extension 'dsv' for command environment
[0.249s] DEBUG:colcon.colcon_core.event_handler.log_command:Invoking command in '/home/sadi/Practice/ROS2_Practice/ROS2_Practice/ros2_ws/build/my_cpp_pkg': CMAKE_PREFIX_PATH=/home/sadi/Practice/ROS2_Practice/ROS2_Practice/ros2_ws/install/my_py_pkg:/opt/ros/humble /usr/bin/cmake /home/sadi/Practice/ROS2_Practice/ROS2_Practice/ros2_ws/src/my_cpp_pkg -DCMAKE_INSTALL_PREFIX=/home/sadi/Practice/ROS2_Practice/ROS2_Practice/ros2_ws/install/my_cpp_pkg
[0.581s] INFO:colcon.colcon_core.task.python.build:Building Python package in '/home/sadi/Practice/ROS2_Practice/ROS2_Practice/ros2_ws/src/my_py_pkg'
[0.583s] INFO:colcon.colcon_core.shell:Skip shell extension 'powershell' for command environment: Not usable outside of PowerShell
[0.583s] DEBUG:colcon.colcon_core.shell:Skip shell extension 'dsv' for command environment
[0.996s] DEBUG:colcon.colcon_core.event_handler.log_command:Invoking command in '/home/sadi/Practice/ROS2_Practice/ROS2_Practice/ros2_ws/src/my_py_pkg': PYTHONPATH=/home/sadi/Practice/ROS2_Practice/ROS2_Practice/ros2_ws/install/my_py_pkg/lib/python3.10/site-packages:${PYTHONPATH} /usr/bin/python3 setup.py egg_info --egg-base ../../build/my_py_pkg build --build-base /home/sadi/Practice/ROS2_Practice/ROS2_Practice/ros2_ws/build/my_py_pkg/build install --prefix /home/sadi/Practice/ROS2_Practice/ROS2_Practice/ros2_ws/install/my_py_pkg --record /home/sadi/Practice/ROS2_Practice/ROS2_Practice/ros2_ws/build/my_py_pkg/install.log --single-version-externally-managed
[1.284s] DEBUG:colcon.colcon_core.event_handler.log_command:Invoked command in '/home/sadi/Practice/ROS2_Practice/ROS2_Practice/ros2_ws/src/my_py_pkg' returned '0': PYTHONPATH=/home/sadi/Practice/ROS2_Practice/ROS2_Practice/ros2_ws/install/my_py_pkg/lib/python3.10/site-packages:${PYTHONPATH} /usr/bin/python3 setup.py egg_info --egg-base ../../build/my_py_pkg build --build-base /home/sadi/Practice/ROS2_Practice/ROS2_Practice/ros2_ws/build/my_py_pkg/build install --prefix /home/sadi/Practice/ROS2_Practice/ROS2_Practice/ros2_ws/install/my_py_pkg --record /home/sadi/Practice/ROS2_Practice/ROS2_Practice/ros2_ws/build/my_py_pkg/install.log --single-version-externally-managed
[1.286s] Level 1:colcon.colcon_core.environment:checking '/home/sadi/Practice/ROS2_Practice/ROS2_Practice/ros2_ws/install/my_py_pkg' for CMake module files
[1.287s] Level 1:colcon.colcon_core.environment:checking '/home/sadi/Practice/ROS2_Practice/ROS2_Practice/ros2_ws/install/my_py_pkg' for CMake config files
[1.288s] Level 1:colcon.colcon_core.environment:checking '/home/sadi/Practice/ROS2_Practice/ROS2_Practice/ros2_ws/install/my_py_pkg/lib'
[1.288s] Level 1:colcon.colcon_core.environment:checking '/home/sadi/Practice/ROS2_Practice/ROS2_Practice/ros2_ws/install/my_py_pkg/bin'
[1.288s] Level 1:colcon.colcon_core.environment:checking '/home/sadi/Practice/ROS2_Practice/ROS2_Practice/ros2_ws/install/my_py_pkg/lib/pkgconfig/my_py_pkg.pc'
[1.288s] Level 1:colcon.colcon_core.environment:checking '/home/sadi/Practice/ROS2_Practice/ROS2_Practice/ros2_ws/install/my_py_pkg/lib/python3.10/site-packages'
[1.288s] Level 1:colcon.colcon_core.shell:create_environment_hook('my_py_pkg', 'pythonpath')
[1.289s] INFO:colcon.colcon_core.shell:Creating environment hook '/home/sadi/Practice/ROS2_Practice/ROS2_Practice/ros2_ws/install/my_py_pkg/share/my_py_pkg/hook/pythonpath.ps1'
[1.290s] INFO:colcon.colcon_core.shell:Creating environment descriptor '/home/sadi/Practice/ROS2_Practice/ROS2_Practice/ros2_ws/install/my_py_pkg/share/my_py_pkg/hook/pythonpath.dsv'
[1.290s] INFO:colcon.colcon_core.shell:Creating environment hook '/home/sadi/Practice/ROS2_Practice/ROS2_Practice/ros2_ws/install/my_py_pkg/share/my_py_pkg/hook/pythonpath.sh'
[1.291s] Level 1:colcon.colcon_core.environment:checking '/home/sadi/Practice/ROS2_Practice/ROS2_Practice/ros2_ws/install/my_py_pkg/bin'
[1.291s] Level 1:colcon.colcon_core.environment:create_environment_scripts_only(my_py_pkg)
[1.292s] INFO:colcon.colcon_core.shell:Creating package script '/home/sadi/Practice/ROS2_Practice/ROS2_Practice/ros2_ws/install/my_py_pkg/share/my_py_pkg/package.ps1'
[1.293s] INFO:colcon.colcon_core.shell:Creating package descriptor '/home/sadi/Practice/ROS2_Practice/ROS2_Practice/ros2_ws/install/my_py_pkg/share/my_py_pkg/package.dsv'
[1.293s] INFO:colcon.colcon_core.shell:Creating package script '/home/sadi/Practice/ROS2_Practice/ROS2_Practice/ros2_ws/install/my_py_pkg/share/my_py_pkg/package.sh'
[1.294s] INFO:colcon.colcon_core.shell:Creating package script '/home/sadi/Practice/ROS2_Practice/ROS2_Practice/ros2_ws/install/my_py_pkg/share/my_py_pkg/package.bash'
[1.295s] INFO:colcon.colcon_core.shell:Creating package script '/home/sadi/Practice/ROS2_Practice/ROS2_Practice/ros2_ws/install/my_py_pkg/share/my_py_pkg/package.zsh'
[1.296s] Level 1:colcon.colcon_core.environment:create_file_with_runtime_dependencies(/home/sadi/Practice/ROS2_Practice/ROS2_Practice/ros2_ws/install/my_py_pkg/share/colcon-core/packages/my_py_pkg)
[1.977s] DEBUG:colcon.colcon_core.event_handler.log_command:Invoked command in '/home/sadi/Practice/ROS2_Practice/ROS2_Practice/ros2_ws/build/my_cpp_pkg' returned '0': CMAKE_PREFIX_PATH=/home/sadi/Practice/ROS2_Practice/ROS2_Practice/ros2_ws/install/my_py_pkg:/opt/ros/humble /usr/bin/cmake /home/sadi/Practice/ROS2_Practice/ROS2_Practice/ros2_ws/src/my_cpp_pkg -DCMAKE_INSTALL_PREFIX=/home/sadi/Practice/ROS2_Practice/ROS2_Practice/ros2_ws/install/my_cpp_pkg
[1.977s] DEBUG:colcon.colcon_core.event_handler.log_command:Invoking command in '/home/sadi/Practice/ROS2_Practice/ROS2_Practice/ros2_ws/build/my_cpp_pkg': CMAKE_PREFIX_PATH=/home/sadi/Practice/ROS2_Practice/ROS2_Practice/ros2_ws/install/my_py_pkg:/opt/ros/humble /usr/bin/cmake --build /home/sadi/Practice/ROS2_Practice/ROS2_Practice/ros2_ws/build/my_cpp_pkg -- -j2 -l2
[2.009s] DEBUG:colcon.colcon_core.event_handler.log_command:Invoked command in '/home/sadi/Practice/ROS2_Practice/ROS2_Practice/ros2_ws/build/my_cpp_pkg' returned '0': CMAKE_PREFIX_PATH=/home/sadi/Practice/ROS2_Practice/ROS2_Practice/ros2_ws/install/my_py_pkg:/opt/ros/humble /usr/bin/cmake --build /home/sadi/Practice/ROS2_Practice/ROS2_Practice/ros2_ws/build/my_cpp_pkg -- -j2 -l2
[2.030s] DEBUG:colcon.colcon_core.event_handler.log_command:Invoking command in '/home/sadi/Practice/ROS2_Practice/ROS2_Practice/ros2_ws/build/my_cpp_pkg': CMAKE_PREFIX_PATH=/home/sadi/Practice/ROS2_Practice/ROS2_Practice/ros2_ws/install/my_py_pkg:/opt/ros/humble /usr/bin/cmake --install /home/sadi/Practice/ROS2_Practice/ROS2_Practice/ros2_ws/build/my_cpp_pkg
[2.038s] Level 1:colcon.colcon_core.environment:create_environment_scripts_only(my_cpp_pkg)
[2.040s] Level 1:colcon.colcon_core.environment:checking '/home/sadi/Practice/ROS2_Practice/ROS2_Practice/ros2_ws/install/my_cpp_pkg' for CMake module files
[2.040s] DEBUG:colcon.colcon_core.event_handler.log_command:Invoked command in '/home/sadi/Practice/ROS2_Practice/ROS2_Practice/ros2_ws/build/my_cpp_pkg' returned '0': CMAKE_PREFIX_PATH=/home/sadi/Practice/ROS2_Practice/ROS2_Practice/ros2_ws/install/my_py_pkg:/opt/ros/humble /usr/bin/cmake --install /home/sadi/Practice/ROS2_Practice/ROS2_Practice/ros2_ws/build/my_cpp_pkg
[2.041s] Level 1:colcon.colcon_core.environment:checking '/home/sadi/Practice/ROS2_Practice/ROS2_Practice/ros2_ws/install/my_cpp_pkg' for CMake config files
[2.041s] Level 1:colcon.colcon_core.shell:create_environment_hook('my_cpp_pkg', 'cmake_prefix_path')
[2.042s] INFO:colcon.colcon_core.shell:Creating environment hook '/home/sadi/Practice/ROS2_Practice/ROS2_Practice/ros2_ws/install/my_cpp_pkg/share/my_cpp_pkg/hook/cmake_prefix_path.ps1'
[2.042s] INFO:colcon.colcon_core.shell:Creating environment descriptor '/home/sadi/Practice/ROS2_Practice/ROS2_Practice/ros2_ws/install/my_cpp_pkg/share/my_cpp_pkg/hook/cmake_prefix_path.dsv'
[2.042s] INFO:colcon.colcon_core.shell:Creating environment hook '/home/sadi/Practice/ROS2_Practice/ROS2_Practice/ros2_ws/install/my_cpp_pkg/share/my_cpp_pkg/hook/cmake_prefix_path.sh'
[2.043s] Level 1:colcon.colcon_core.environment:checking '/home/sadi/Practice/ROS2_Practice/ROS2_Practice/ros2_ws/install/my_cpp_pkg/bin'
[2.043s] Level 1:colcon.colcon_core.environment:checking '/home/sadi/Practice/ROS2_Practice/ROS2_Practice/ros2_ws/install/my_cpp_pkg/lib/pkgconfig/my_cpp_pkg.pc'
[2.043s] Level 1:colcon.colcon_core.environment:checking '/home/sadi/Practice/ROS2_Practice/ROS2_Practice/ros2_ws/install/my_cpp_pkg/lib/python3.10/site-packages'
[2.043s] Level 1:colcon.colcon_core.environment:checking '/home/sadi/Practice/ROS2_Practice/ROS2_Practice/ros2_ws/install/my_cpp_pkg/bin'
[2.044s] INFO:colcon.colcon_core.shell:Creating package script '/home/sadi/Practice/ROS2_Practice/ROS2_Practice/ros2_ws/install/my_cpp_pkg/share/my_cpp_pkg/package.ps1'
[2.044s] INFO:colcon.colcon_core.shell:Creating package descriptor '/home/sadi/Practice/ROS2_Practice/ROS2_Practice/ros2_ws/install/my_cpp_pkg/share/my_cpp_pkg/package.dsv'
[2.045s] INFO:colcon.colcon_core.shell:Creating package script '/home/sadi/Practice/ROS2_Practice/ROS2_Practice/ros2_ws/install/my_cpp_pkg/share/my_cpp_pkg/package.sh'
[2.045s] INFO:colcon.colcon_core.shell:Creating package script '/home/sadi/Practice/ROS2_Practice/ROS2_Practice/ros2_ws/install/my_cpp_pkg/share/my_cpp_pkg/package.bash'
[2.045s] INFO:colcon.colcon_core.shell:Creating package script '/home/sadi/Practice/ROS2_Practice/ROS2_Practice/ros2_ws/install/my_cpp_pkg/share/my_cpp_pkg/package.zsh'
[2.045s] Level 1:colcon.colcon_core.environment:create_file_with_runtime_dependencies(/home/sadi/Practice/ROS2_Practice/ROS2_Practice/ros2_ws/install/my_cpp_pkg/share/colcon-core/packages/my_cpp_pkg)
[2.063s] Level 1:colcon.colcon_core.environment:create_environment_scripts_only(my_cpp_pkg)
[2.064s] Level 1:colcon.colcon_core.environment:checking '/home/sadi/Practice/ROS2_Practice/ROS2_Practice/ros2_ws/install/my_cpp_pkg' for CMake module files
[2.064s] Level 1:colcon.colcon_core.environment:checking '/home/sadi/Practice/ROS2_Practice/ROS2_Practice/ros2_ws/install/my_cpp_pkg' for CMake config files
[2.064s] Level 1:colcon.colcon_core.shell:create_environment_hook('my_cpp_pkg', 'cmake_prefix_path')
[2.065s] INFO:colcon.colcon_core.shell:Creating environment hook '/home/sadi/Practice/ROS2_Practice/ROS2_Practice/ros2_ws/install/my_cpp_pkg/share/my_cpp_pkg/hook/cmake_prefix_path.ps1'
[2.066s] INFO:colcon.colcon_core.shell:Creating environment descriptor '/home/sadi/Practice/ROS2_Practice/ROS2_Practice/ros2_ws/install/my_cpp_pkg/share/my_cpp_pkg/hook/cmake_prefix_path.dsv'
[2.067s] INFO:colcon.colcon_core.shell:Creating environment hook '/home/sadi/Practice/ROS2_Practice/ROS2_Practice/ros2_ws/install/my_cpp_pkg/share/my_cpp_pkg/hook/cmake_prefix_path.sh'
[2.067s] Level 1:colcon.colcon_core.environment:checking '/home/sadi/Practice/ROS2_Practice/ROS2_Practice/ros2_ws/install/my_cpp_pkg/bin'
[2.067s] Level 1:colcon.colcon_core.environment:checking '/home/sadi/Practice/ROS2_Practice/ROS2_Practice/ros2_ws/install/my_cpp_pkg/lib/pkgconfig/my_cpp_pkg.pc'
[2.067s] Level 1:colcon.colcon_core.environment:checking '/home/sadi/Practice/ROS2_Practice/ROS2_Practice/ros2_ws/install/my_cpp_pkg/lib/python3.10/site-packages'
[2.068s] Level 1:colcon.colcon_core.environment:checking '/home/sadi/Practice/ROS2_Practice/ROS2_Practice/ros2_ws/install/my_cpp_pkg/bin'
[2.069s] INFO:colcon.colcon_core.shell:Creating package script '/home/sadi/Practice/ROS2_Practice/ROS2_Practice/ros2_ws/install/my_cpp_pkg/share/my_cpp_pkg/package.ps1'
[2.070s] INFO:colcon.colcon_core.shell:Creating package descriptor '/home/sadi/Practice/ROS2_Practice/ROS2_Practice/ros2_ws/install/my_cpp_pkg/share/my_cpp_pkg/package.dsv'
[2.070s] INFO:colcon.colcon_core.shell:Creating package script '/home/sadi/Practice/ROS2_Practice/ROS2_Practice/ros2_ws/install/my_cpp_pkg/share/my_cpp_pkg/package.sh'
[2.071s] INFO:colcon.colcon_core.shell:Creating package script '/home/sadi/Practice/ROS2_Practice/ROS2_Practice/ros2_ws/install/my_cpp_pkg/share/my_cpp_pkg/package.bash'
[2.071s] INFO:colcon.colcon_core.shell:Creating package script '/home/sadi/Practice/ROS2_Practice/ROS2_Practice/ros2_ws/install/my_cpp_pkg/share/my_cpp_pkg/package.zsh'
[2.071s] Level 1:colcon.colcon_core.environment:create_file_with_runtime_dependencies(/home/sadi/Practice/ROS2_Practice/ROS2_Practice/ros2_ws/install/my_cpp_pkg/share/colcon-core/packages/my_cpp_pkg)
[2.072s] DEBUG:colcon.colcon_parallel_executor.executor.parallel:closing loop
[2.072s] DEBUG:colcon.colcon_parallel_executor.executor.parallel:loop closed
[2.072s] DEBUG:colcon.colcon_parallel_executor.executor.parallel:run_until_complete finished with '0'
[2.072s] DEBUG:colcon.colcon_core.event_reactor:joining thread
[2.085s] INFO:colcon.colcon_core.plugin_system:Skipping extension 'colcon_notification.desktop_notification.terminal_notifier': Not used on non-Darwin systems
[2.085s] INFO:colcon.colcon_core.plugin_system:Skipping extension 'colcon_notification.desktop_notification.win32': Not used on non-Windows systems
[2.085s] INFO:colcon.colcon_notification.desktop_notification:Sending desktop notification using 'notify2'
[2.097s] DEBUG:colcon.colcon_core.event_reactor:joined thread
[2.098s] INFO:colcon.colcon_core.shell:Creating prefix script '/home/sadi/Practice/ROS2_Practice/ROS2_Practice/ros2_ws/install/local_setup.ps1'
[2.099s] INFO:colcon.colcon_core.shell:Creating prefix util module '/home/sadi/Practice/ROS2_Practice/ROS2_Practice/ros2_ws/install/_local_setup_util_ps1.py'
[2.102s] INFO:colcon.colcon_core.shell:Creating prefix chain script '/home/sadi/Practice/ROS2_Practice/ROS2_Practice/ros2_ws/install/setup.ps1'
[2.104s] INFO:colcon.colcon_core.shell:Creating prefix script '/home/sadi/Practice/ROS2_Practice/ROS2_Practice/ros2_ws/install/local_setup.sh'
[2.104s] INFO:colcon.colcon_core.shell:Creating prefix util module '/home/sadi/Practice/ROS2_Practice/ROS2_Practice/ros2_ws/install/_local_setup_util_sh.py'
[2.105s] INFO:colcon.colcon_core.shell:Creating prefix chain script '/home/sadi/Practice/ROS2_Practice/ROS2_Practice/ros2_ws/install/setup.sh'
[2.106s] INFO:colcon.colcon_core.shell:Creating prefix script '/home/sadi/Practice/ROS2_Practice/ROS2_Practice/ros2_ws/install/local_setup.bash'
[2.107s] INFO:colcon.colcon_core.shell:Creating prefix chain script '/home/sadi/Practice/ROS2_Practice/ROS2_Practice/ros2_ws/install/setup.bash'
[2.108s] INFO:colcon.colcon_core.shell:Creating prefix script '/home/sadi/Practice/ROS2_Practice/ROS2_Practice/ros2_ws/install/local_setup.zsh'
[2.109s] INFO:colcon.colcon_core.shell:Creating prefix chain script '/home/sadi/Practice/ROS2_Practice/ROS2_Practice/ros2_ws/install/setup.zsh'
