[0.513s] Invoking command in '/home/sadi/Practice/ROS2_Practice/ROS2_Practice/ros2_ws/src/my_py_pkg': PYTHONPATH=/home/sadi/Practice/ROS2_Practice/ROS2_Practice/ros2_ws/install/my_py_pkg/lib/python3.10/site-packages:${PYTHONPATH} /usr/bin/python3 setup.py egg_info --egg-base ../../build/my_py_pkg build --build-base /home/sadi/Practice/ROS2_Practice/ROS2_Practice/ros2_ws/build/my_py_pkg/build install --prefix /home/sadi/Practice/ROS2_Practice/ROS2_Practice/ros2_ws/install/my_py_pkg --record /home/sadi/Practice/ROS2_Practice/ROS2_Practice/ros2_ws/build/my_py_pkg/install.log --single-version-externally-managed
[0.698s] running egg_info
[0.699s] writing ../../build/my_py_pkg/my_py_pkg.egg-info/PKG-INFO
[0.699s] writing dependency_links to ../../build/my_py_pkg/my_py_pkg.egg-info/dependency_links.txt
[0.700s] writing entry points to ../../build/my_py_pkg/my_py_pkg.egg-info/entry_points.txt
[0.700s] writing requirements to ../../build/my_py_pkg/my_py_pkg.egg-info/requires.txt
[0.700s] writing top-level names to ../../build/my_py_pkg/my_py_pkg.egg-info/top_level.txt
[0.702s] reading manifest file '../../build/my_py_pkg/my_py_pkg.egg-info/SOURCES.txt'
[0.703s] writing manifest file '../../build/my_py_pkg/my_py_pkg.egg-info/SOURCES.txt'
[0.703s] running build
[0.703s] running build_py
[0.704s] running install
[0.704s] running install_lib
[0.705s] running install_data
[0.705s] running install_egg_info
[0.707s] removing '/home/sadi/Practice/ROS2_Practice/ROS2_Practice/ros2_ws/install/my_py_pkg/lib/python3.10/site-packages/my_py_pkg-0.0.0-py3.10.egg-info' (and everything under it)
[0.707s] Copying ../../build/my_py_pkg/my_py_pkg.egg-info to /home/sadi/Practice/ROS2_Practice/ROS2_Practice/ros2_ws/install/my_py_pkg/lib/python3.10/site-packages/my_py_pkg-0.0.0-py3.10.egg-info
[0.708s] running install_scripts
[0.722s] writing list of installed files to '/home/sadi/Practice/ROS2_Practice/ROS2_Practice/ros2_ws/build/my_py_pkg/install.log'
[0.752s] Invoked command in '/home/sadi/Practice/ROS2_Practice/ROS2_Practice/ros2_ws/src/my_py_pkg' returned '0': PYTHONPATH=/home/sadi/Practice/ROS2_Practice/ROS2_Practice/ros2_ws/install/my_py_pkg/lib/python3.10/site-packages:${PYTHONPATH} /usr/bin/python3 setup.py egg_info --egg-base ../../build/my_py_pkg build --build-base /home/sadi/Practice/ROS2_Practice/ROS2_Practice/ros2_ws/build/my_py_pkg/build install --prefix /home/sadi/Practice/ROS2_Practice/ROS2_Practice/ros2_ws/install/my_py_pkg --record /home/sadi/Practice/ROS2_Practice/ROS2_Practice/ros2_ws/build/my_py_pkg/install.log --single-version-externally-managed
