[0.623s] Invoking command in '/home/sadi/Practice/ROS2_Practice/ROS2_Practice/ros2_ws/src/my_py_pkg': PYTHONPATH=/home/sadi/Practice/ROS2_Practice/ROS2_Practice/ros2_ws/install/my_py_pkg/lib/python3.10/site-packages:${PYTHONPATH} /usr/bin/python3 setup.py egg_info --egg-base ../../build/my_py_pkg build --build-base /home/sadi/Practice/ROS2_Practice/ROS2_Practice/ros2_ws/build/my_py_pkg/build install --prefix /home/sadi/Practice/ROS2_Practice/ROS2_Practice/ros2_ws/install/my_py_pkg --record /home/sadi/Practice/ROS2_Practice/ROS2_Practice/ros2_ws/build/my_py_pkg/install.log --single-version-externally-managed
[0.856s] running egg_info
[0.857s] writing ../../build/my_py_pkg/my_py_pkg.egg-info/PKG-INFO
[0.862s] writing dependency_links to ../../build/my_py_pkg/my_py_pkg.egg-info/dependency_links.txt
[0.862s] writing entry points to ../../build/my_py_pkg/my_py_pkg.egg-info/entry_points.txt
[0.862s] writing requirements to ../../build/my_py_pkg/my_py_pkg.egg-info/requires.txt
[0.866s] writing top-level names to ../../build/my_py_pkg/my_py_pkg.egg-info/top_level.txt
[0.869s] reading manifest file '../../build/my_py_pkg/my_py_pkg.egg-info/SOURCES.txt'
[0.870s] writing manifest file '../../build/my_py_pkg/my_py_pkg.egg-info/SOURCES.txt'
[0.870s] running build
[0.870s] running build_py
[0.871s] copying my_py_pkg/__init__.py -> /home/sadi/Practice/ROS2_Practice/ROS2_Practice/ros2_ws/build/my_py_pkg/build/lib/my_py_pkg
[0.872s] running install
[0.872s] running install_lib
[0.873s] copying /home/sadi/Practice/ROS2_Practice/ROS2_Practice/ros2_ws/build/my_py_pkg/build/lib/my_py_pkg/__init__.py -> /home/sadi/Practice/ROS2_Practice/ROS2_Practice/ros2_ws/install/my_py_pkg/lib/python3.10/site-packages/my_py_pkg
[0.873s] byte-compiling /home/sadi/Practice/ROS2_Practice/ROS2_Practice/ros2_ws/install/my_py_pkg/lib/python3.10/site-packages/my_py_pkg/__init__.py to __init__.cpython-310.pyc
[0.874s] running install_data
[0.875s] copying resource/my_py_pkg -> /home/sadi/Practice/ROS2_Practice/ROS2_Practice/ros2_ws/install/my_py_pkg/share/ament_index/resource_index/packages
[0.875s] copying package.xml -> /home/sadi/Practice/ROS2_Practice/ROS2_Practice/ros2_ws/install/my_py_pkg/share/my_py_pkg
[0.875s] running install_egg_info
[0.877s] removing '/home/sadi/Practice/ROS2_Practice/ROS2_Practice/ros2_ws/install/my_py_pkg/lib/python3.10/site-packages/my_py_pkg-0.0.0-py3.10.egg-info' (and everything under it)
[0.877s] Copying ../../build/my_py_pkg/my_py_pkg.egg-info to /home/sadi/Practice/ROS2_Practice/ROS2_Practice/ros2_ws/install/my_py_pkg/lib/python3.10/site-packages/my_py_pkg-0.0.0-py3.10.egg-info
[0.879s] running install_scripts
[0.899s] writing list of installed files to '/home/sadi/Practice/ROS2_Practice/ROS2_Practice/ros2_ws/build/my_py_pkg/install.log'
[0.922s] Invoked command in '/home/sadi/Practice/ROS2_Practice/ROS2_Practice/ros2_ws/src/my_py_pkg' returned '0': PYTHONPATH=/home/sadi/Practice/ROS2_Practice/ROS2_Practice/ros2_ws/install/my_py_pkg/lib/python3.10/site-packages:${PYTHONPATH} /usr/bin/python3 setup.py egg_info --egg-base ../../build/my_py_pkg build --build-base /home/sadi/Practice/ROS2_Practice/ROS2_Practice/ros2_ws/build/my_py_pkg/build install --prefix /home/sadi/Practice/ROS2_Practice/ROS2_Practice/ros2_ws/install/my_py_pkg --record /home/sadi/Practice/ROS2_Practice/ROS2_Practice/ros2_ws/build/my_py_pkg/install.log --single-version-externally-managed
