[0.017s] Invoking command in '/home/sadi/Practice/ROS2_Practice/ROS2_Practice/ros2_ws/build/my_cpp_pkg': CMAKE_PREFIX_PATH=/home/sadi/Practice/ROS2_Practice/ROS2_Practice/ros2_ws/install/my_py_pkg:/opt/ros/humble /usr/bin/cmake /home/sadi/Practice/ROS2_Practice/ROS2_Practice/ros2_ws/src/my_cpp_pkg -DCMAKE_INSTALL_PREFIX=/home/sadi/Practice/ROS2_Practice/ROS2_Practice/ros2_ws/install/my_cpp_pkg
[0.294s] -- The C compiler identification is GNU 11.3.0
[0.475s] -- The CXX compiler identification is GNU 11.3.0
[0.492s] -- Detecting C compiler ABI info
[0.596s] -- Detecting C compiler ABI info - done
[0.601s] -- Check for working C compiler: /usr/bin/cc - skipped
[0.602s] -- Detecting C compile features
[0.603s] -- Detecting C compile features - done
[0.609s] -- Detecting CXX compiler ABI info
[0.689s] -- Detecting CXX compiler ABI info - done
[0.695s] -- Check for working CXX compiler: /usr/bin/c++ - skipped
[0.695s] -- Detecting CXX compile features
[0.695s] -- Detecting CXX compile features - done
[0.711s] -- Found ament_cmake: 1.3.2 (/opt/ros/humble/share/ament_cmake/cmake)
[0.886s] -- Found Python3: /usr/bin/python3.10 (found version "3.10.6") found components: Interpreter 
[1.044s] -- Found rclcpp: 16.0.1 (/opt/ros/humble/share/rclcpp/cmake)
[1.146s] -- Found rosidl_generator_c: 3.1.3 (/opt/ros/humble/share/rosidl_generator_c/cmake)
[1.152s] -- Found rosidl_adapter: 3.1.3 (/opt/ros/humble/share/rosidl_adapter/cmake)
[1.165s] -- Found rosidl_generator_cpp: 3.1.3 (/opt/ros/humble/share/rosidl_generator_cpp/cmake)
[1.185s] -- Using all available rosidl_typesupport_c: rosidl_typesupport_fastrtps_c;rosidl_typesupport_introspection_c
[1.212s] -- Using all available rosidl_typesupport_cpp: rosidl_typesupport_fastrtps_cpp;rosidl_typesupport_introspection_cpp
[1.293s] -- Found rmw_implementation_cmake: 6.1.0 (/opt/ros/humble/share/rmw_implementation_cmake/cmake)
[1.296s] -- Found rmw_fastrtps_cpp: 6.2.1 (/opt/ros/humble/share/rmw_fastrtps_cpp/cmake)
[1.409s] -- Found OpenSSL: /usr/lib/x86_64-linux-gnu/libcrypto.so (found version "3.0.2")  
[1.431s] -- Found FastRTPS: /opt/ros/humble/include  
[1.476s] -- Using RMW implementation 'rmw_fastrtps_cpp' as default
[1.650s] -- Found ament_lint_auto: 0.12.4 (/opt/ros/humble/share/ament_lint_auto/cmake)
[1.726s] -- Added test 'lint_cmake' to check CMake code style
[1.728s] -- Added test 'xmllint' to check XML markup files
[1.730s] -- Configuring done
[1.740s] -- Generating done
[1.740s] -- Build files have been written to: /home/sadi/Practice/ROS2_Practice/ROS2_Practice/ros2_ws/build/my_cpp_pkg
[1.746s] Invoked command in '/home/sadi/Practice/ROS2_Practice/ROS2_Practice/ros2_ws/build/my_cpp_pkg' returned '0': CMAKE_PREFIX_PATH=/home/sadi/Practice/ROS2_Practice/ROS2_Practice/ros2_ws/install/my_py_pkg:/opt/ros/humble /usr/bin/cmake /home/sadi/Practice/ROS2_Practice/ROS2_Practice/ros2_ws/src/my_cpp_pkg -DCMAKE_INSTALL_PREFIX=/home/sadi/Practice/ROS2_Practice/ROS2_Practice/ros2_ws/install/my_cpp_pkg
[1.746s] Invoking command in '/home/sadi/Practice/ROS2_Practice/ROS2_Practice/ros2_ws/build/my_cpp_pkg': CMAKE_PREFIX_PATH=/home/sadi/Practice/ROS2_Practice/ROS2_Practice/ros2_ws/install/my_py_pkg:/opt/ros/humble /usr/bin/cmake --build /home/sadi/Practice/ROS2_Practice/ROS2_Practice/ros2_ws/build/my_cpp_pkg -- -j2 -l2
[1.778s] Invoked command in '/home/sadi/Practice/ROS2_Practice/ROS2_Practice/ros2_ws/build/my_cpp_pkg' returned '0': CMAKE_PREFIX_PATH=/home/sadi/Practice/ROS2_Practice/ROS2_Practice/ros2_ws/install/my_py_pkg:/opt/ros/humble /usr/bin/cmake --build /home/sadi/Practice/ROS2_Practice/ROS2_Practice/ros2_ws/build/my_cpp_pkg -- -j2 -l2
[1.799s] Invoking command in '/home/sadi/Practice/ROS2_Practice/ROS2_Practice/ros2_ws/build/my_cpp_pkg': CMAKE_PREFIX_PATH=/home/sadi/Practice/ROS2_Practice/ROS2_Practice/ros2_ws/install/my_py_pkg:/opt/ros/humble /usr/bin/cmake --install /home/sadi/Practice/ROS2_Practice/ROS2_Practice/ros2_ws/build/my_cpp_pkg
[1.804s] -- Install configuration: ""
[1.804s] -- Installing: /home/sadi/Practice/ROS2_Practice/ROS2_Practice/ros2_ws/install/my_cpp_pkg/share/ament_index/resource_index/package_run_dependencies/my_cpp_pkg
[1.805s] -- Installing: /home/sadi/Practice/ROS2_Practice/ROS2_Practice/ros2_ws/install/my_cpp_pkg/share/ament_index/resource_index/parent_prefix_path/my_cpp_pkg
[1.805s] -- Installing: /home/sadi/Practice/ROS2_Practice/ROS2_Practice/ros2_ws/install/my_cpp_pkg/share/my_cpp_pkg/environment/ament_prefix_path.sh
[1.805s] -- Installing: /home/sadi/Practice/ROS2_Practice/ROS2_Practice/ros2_ws/install/my_cpp_pkg/share/my_cpp_pkg/environment/ament_prefix_path.dsv
[1.805s] -- Installing: /home/sadi/Practice/ROS2_Practice/ROS2_Practice/ros2_ws/install/my_cpp_pkg/share/my_cpp_pkg/environment/path.sh
[1.805s] -- Installing: /home/sadi/Practice/ROS2_Practice/ROS2_Practice/ros2_ws/install/my_cpp_pkg/share/my_cpp_pkg/environment/path.dsv
[1.805s] -- Installing: /home/sadi/Practice/ROS2_Practice/ROS2_Practice/ros2_ws/install/my_cpp_pkg/share/my_cpp_pkg/local_setup.bash
[1.805s] -- Installing: /home/sadi/Practice/ROS2_Practice/ROS2_Practice/ros2_ws/install/my_cpp_pkg/share/my_cpp_pkg/local_setup.sh
[1.806s] -- Installing: /home/sadi/Practice/ROS2_Practice/ROS2_Practice/ros2_ws/install/my_cpp_pkg/share/my_cpp_pkg/local_setup.zsh
[1.806s] -- Installing: /home/sadi/Practice/ROS2_Practice/ROS2_Practice/ros2_ws/install/my_cpp_pkg/share/my_cpp_pkg/local_setup.dsv
[1.806s] -- Installing: /home/sadi/Practice/ROS2_Practice/ROS2_Practice/ros2_ws/install/my_cpp_pkg/share/my_cpp_pkg/package.dsv
[1.806s] -- Installing: /home/sadi/Practice/ROS2_Practice/ROS2_Practice/ros2_ws/install/my_cpp_pkg/share/ament_index/resource_index/packages/my_cpp_pkg
[1.806s] -- Installing: /home/sadi/Practice/ROS2_Practice/ROS2_Practice/ros2_ws/install/my_cpp_pkg/share/my_cpp_pkg/cmake/my_cpp_pkgConfig.cmake
[1.806s] -- Installing: /home/sadi/Practice/ROS2_Practice/ROS2_Practice/ros2_ws/install/my_cpp_pkg/share/my_cpp_pkg/cmake/my_cpp_pkgConfig-version.cmake
[1.806s] -- Installing: /home/sadi/Practice/ROS2_Practice/ROS2_Practice/ros2_ws/install/my_cpp_pkg/share/my_cpp_pkg/package.xml
[1.809s] Invoked command in '/home/sadi/Practice/ROS2_Practice/ROS2_Practice/ros2_ws/build/my_cpp_pkg' returned '0': CMAKE_PREFIX_PATH=/home/sadi/Practice/ROS2_Practice/ROS2_Practice/ros2_ws/install/my_py_pkg:/opt/ros/humble /usr/bin/cmake --install /home/sadi/Practice/ROS2_Practice/ROS2_Practice/ros2_ws/build/my_cpp_pkg
