[0.017s] Invoking command in '/home/sadi/Practice/ROS2_Practice/ROS2_Practice/ros2_ws/build/my_cpp_pkg': CMAKE_PREFIX_PATH=/home/sadi/Practice/ROS2_Practice/ROS2_Practice/ros2_ws/install/my_py_pkg:/opt/ros/humble /usr/bin/cmake --build /home/sadi/Practice/ROS2_Practice/ROS2_Practice/ros2_ws/build/my_cpp_pkg -- -j2 -l2
[0.052s] Invoked command in '/home/sadi/Practice/ROS2_Practice/ROS2_Practice/ros2_ws/build/my_cpp_pkg' returned '0': CMAKE_PREFIX_PATH=/home/sadi/Practice/ROS2_Practice/ROS2_Practice/ros2_ws/install/my_py_pkg:/opt/ros/humble /usr/bin/cmake --build /home/sadi/Practice/ROS2_Practice/ROS2_Practice/ros2_ws/build/my_cpp_pkg -- -j2 -l2
[0.078s] Invoking command in '/home/sadi/Practice/ROS2_Practice/ROS2_Practice/ros2_ws/build/my_cpp_pkg': CMAKE_PREFIX_PATH=/home/sadi/Practice/ROS2_Practice/ROS2_Practice/ros2_ws/install/my_py_pkg:/opt/ros/humble /usr/bin/cmake --install /home/sadi/Practice/ROS2_Practice/ROS2_Practice/ros2_ws/build/my_cpp_pkg
[0.083s] -- Install configuration: ""
[0.084s] -- Up-to-date: /home/sadi/Practice/ROS2_Practice/ROS2_Practice/ros2_ws/install/my_cpp_pkg/share/ament_index/resource_index/package_run_dependencies/my_cpp_pkg
[0.084s] -- Up-to-date: /home/sadi/Practice/ROS2_Practice/ROS2_Practice/ros2_ws/install/my_cpp_pkg/share/ament_index/resource_index/parent_prefix_path/my_cpp_pkg
[0.084s] -- Up-to-date: /home/sadi/Practice/ROS2_Practice/ROS2_Practice/ros2_ws/install/my_cpp_pkg/share/my_cpp_pkg/environment/ament_prefix_path.sh
[0.084s] -- Up-to-date: /home/sadi/Practice/ROS2_Practice/ROS2_Practice/ros2_ws/install/my_cpp_pkg/share/my_cpp_pkg/environment/ament_prefix_path.dsv
[0.084s] -- Up-to-date: /home/sadi/Practice/ROS2_Practice/ROS2_Practice/ros2_ws/install/my_cpp_pkg/share/my_cpp_pkg/environment/path.sh
[0.084s] -- Up-to-date: /home/sadi/Practice/ROS2_Practice/ROS2_Practice/ros2_ws/install/my_cpp_pkg/share/my_cpp_pkg/environment/path.dsv
[0.085s] -- Up-to-date: /home/sadi/Practice/ROS2_Practice/ROS2_Practice/ros2_ws/install/my_cpp_pkg/share/my_cpp_pkg/local_setup.bash
[0.085s] -- Up-to-date: /home/sadi/Practice/ROS2_Practice/ROS2_Practice/ros2_ws/install/my_cpp_pkg/share/my_cpp_pkg/local_setup.sh
[0.085s] -- Up-to-date: /home/sadi/Practice/ROS2_Practice/ROS2_Practice/ros2_ws/install/my_cpp_pkg/share/my_cpp_pkg/local_setup.zsh
[0.085s] -- Up-to-date: /home/sadi/Practice/ROS2_Practice/ROS2_Practice/ros2_ws/install/my_cpp_pkg/share/my_cpp_pkg/local_setup.dsv
[0.085s] -- Up-to-date: /home/sadi/Practice/ROS2_Practice/ROS2_Practice/ros2_ws/install/my_cpp_pkg/share/my_cpp_pkg/package.dsv
[0.085s] -- Up-to-date: /home/sadi/Practice/ROS2_Practice/ROS2_Practice/ros2_ws/install/my_cpp_pkg/share/ament_index/resource_index/packages/my_cpp_pkg
[0.085s] -- Up-to-date: /home/sadi/Practice/ROS2_Practice/ROS2_Practice/ros2_ws/install/my_cpp_pkg/share/my_cpp_pkg/cmake/my_cpp_pkgConfig.cmake
[0.086s] -- Up-to-date: /home/sadi/Practice/ROS2_Practice/ROS2_Practice/ros2_ws/install/my_cpp_pkg/share/my_cpp_pkg/cmake/my_cpp_pkgConfig-version.cmake
[0.086s] -- Up-to-date: /home/sadi/Practice/ROS2_Practice/ROS2_Practice/ros2_ws/install/my_cpp_pkg/share/my_cpp_pkg/package.xml
[0.088s] Invoked command in '/home/sadi/Practice/ROS2_Practice/ROS2_Practice/ros2_ws/build/my_cpp_pkg' returned '0': CMAKE_PREFIX_PATH=/home/sadi/Practice/ROS2_Practice/ROS2_Practice/ros2_ws/install/my_py_pkg:/opt/ros/humble /usr/bin/cmake --install /home/sadi/Practice/ROS2_Practice/ROS2_Practice/ros2_ws/build/my_cpp_pkg
